<?xml version="1.0" encoding="UTF-8"?>
<!-- Generated by org.testng.reporters.JUnitReportReporter -->
<testsuite hostname="DESKTOP-UEV2Q3L" failures="0" tests="3" name="tests.UserRegistrationTest" time="4.298" errors="0" timestamp="2023-08-04T16:16:03 EET" skipped="0">
  <testcase classname="tests.UserRegistrationTest" name="usercanregistersucceessfuly" time="2.566"/>
  <system-out/>
  <testcase classname="tests.UserRegistrationTest" name="openloginpage" time="0.539"/>
  <system-out/>
  <testcase classname="tests.UserRegistrationTest" name="usercanlogin" time="1.193"/>
  <system-out/>
</testsuite> <!-- tests.UserRegistrationTest -->
