<?xml version="1.0" encoding="UTF-8"?>
<!-- Generated by org.testng.reporters.JUnitReportReporter -->
<testsuite hostname="DESKTOP-UEV2Q3L" failures="0" tests="4" name="tests.GuestCheckoutTest" time="15.020" errors="0" timestamp="2023-09-14T20:15:38 EET" skipped="0">
  <testcase classname="tests.GuestCheckoutTest" name="usercansearch" time="2.871"/>
  <system-out/>
  <testcase classname="tests.GuestCheckoutTest" name="addtocartpage" time="3.669"/>
  <system-out/>
  <testcase classname="tests.GuestCheckoutTest" name="guestusercancheckout" time="6.314"/>
  <system-out/>
  <testcase classname="tests.GuestCheckoutTest" name="guestusercandownloadandprintorder" time="2.166"/>
  <system-out/>
</testsuite> <!-- tests.GuestCheckoutTest -->
