<?xml version="1.0" encoding="UTF-8"?>
<!-- Generated by org.testng.reporters.JUnitReportReporter -->
<testsuite hostname="DESKTOP-UEV2Q3L" failures="0" tests="5" name="tests.MyaccountTest" time="5.751" errors="0" timestamp="2023-08-08T19:20:02 EET" skipped="0">
  <testcase classname="tests.MyaccountTest" name="usercanregistersucceessfuly" time="2.829"/>
  <system-out/>
  <testcase classname="tests.MyaccountTest" name="openloginpage" time="0.442"/>
  <system-out/>
  <testcase classname="tests.MyaccountTest" name="usercanlogin" time="1.147"/>
  <system-out/>
  <testcase classname="tests.MyaccountTest" name="usercanopenmyaccount" time="0.548"/>
  <system-out/>
  <testcase classname="tests.MyaccountTest" name="usercanchangepassword" time="0.785"/>
  <system-out/>
</testsuite> <!-- tests.MyaccountTest -->
