<?xml version="1.0" encoding="UTF-8"?>
<!-- Generated by org.testng.reporters.JUnitReportReporter -->
<testsuite hostname="DESKTOP-UEV2Q3L" failures="0" tests="4" name="tests.EmailtoFriendTest" time="7.217" errors="0" timestamp="2023-09-06T18:22:50 EET" skipped="0">
  <testcase classname="tests.EmailtoFriendTest" name="registration" time="2.624"/>
  <system-out/>
  <testcase classname="tests.EmailtoFriendTest" name="clicklogin" time="1.455"/>
  <system-out/>
  <testcase classname="tests.EmailtoFriendTest" name="usercansearch" time="2.393"/>
  <system-out/>
  <testcase classname="tests.EmailtoFriendTest" name="usercanemailtofriend" time="0.745"/>
  <system-out/>
</testsuite> <!-- tests.EmailtoFriendTest -->
