<?xml version="1.0" encoding="UTF-8"?>
<!-- Generated by org.testng.reporters.JUnitReportReporter -->
<testsuite hostname="DESKTOP-UEV2Q3L" failures="0" tests="4" name="tests.AddreviewTest" time="7.639" errors="0" timestamp="2023-09-07T18:27:55 EET" skipped="0">
  <testcase classname="tests.AddreviewTest" name="userregistration" time="2.704"/>
  <system-out/>
  <testcase classname="tests.AddreviewTest" name="userlogintosite" time="1.539"/>
  <system-out/>
  <testcase classname="tests.AddreviewTest" name="usersearchforproduct" time="2.457"/>
  <system-out/>
  <testcase classname="tests.AddreviewTest" name="useraddreviewtoproduct" time="0.939"/>
  <system-out/>
</testsuite> <!-- tests.AddreviewTest -->
