<?xml version="1.0" encoding="UTF-8"?>
<!-- Generated by org.testng.reporters.JUnitReportReporter -->
<testsuite hostname="DESKTOP-UEV2Q3L" failures="0" tests="3" name="tests.AddtowishlistTest" time="4.481" errors="0" timestamp="2023-09-08T18:53:30 EET" skipped="0">
  <testcase classname="tests.AddtowishlistTest" name="userSearch" time="2.803"/>
  <system-out/>
  <testcase classname="tests.AddtowishlistTest" name="addtowishlistpage" time="1.165"/>
  <system-out/>
  <testcase classname="tests.AddtowishlistTest" name="removefromwishlist" time="0.513"/>
  <system-out/>
</testsuite> <!-- tests.AddtowishlistTest -->
