<?xml version="1.0" encoding="UTF-8"?>
<!-- Generated by org.testng.reporters.JUnitReportReporter -->
<testsuite hostname="DESKTOP-UEV2Q3L" failures="0" tests="3" name="tests.UserregistrationWithDDT" time="14.949" errors="0" timestamp="2023-09-23T14:03:37 EET" skipped="0">
  <testcase classname="tests.UserregistrationWithDDT" name="usercanregistersucceessfuly" time="4.698"/>
  <system-out/>
  <testcase classname="tests.UserregistrationWithDDT" name="usercanregistersucceessfuly" time="6.266"/>
  <system-out/>
  <testcase classname="tests.UserregistrationWithDDT" name="usercanregistersucceessfuly" time="3.985"/>
  <system-out/>
</testsuite> <!-- tests.UserregistrationWithDDT -->
