<?xml version="1.0" encoding="UTF-8"?>
<!-- Generated by org.testng.reporters.JUnitReportReporter -->
<testsuite hostname="DESKTOP-UEV2Q3L" failures="0" tests="1" name="tests.ContactUsTest" time="2.210" errors="0" timestamp="2023-09-05T21:08:57 EET" skipped="0">
  <testcase classname="tests.ContactUsTest" name="usercancontact" time="2.210"/>
  <system-out/>
</testsuite> <!-- tests.ContactUsTest -->
