<?xml version="1.0" encoding="UTF-8"?>
<!-- Generated by org.testng.reporters.JUnitReportReporter -->
<testsuite hostname="DESKTOP-UEV2Q3L" failures="0" tests="2" name="tests.AddtoComparelistTest" time="17.753" errors="0" timestamp="2023-09-10T13:44:07 EET" skipped="0">
  <testcase classname="tests.AddtoComparelistTest" name="usersearch" time="15.671"/>
  <system-out/>
  <testcase classname="tests.AddtoComparelistTest" name="comparebetweenproduct" time="2.082"/>
  <system-out/>
</testsuite> <!-- tests.AddtoComparelistTest -->
