<?xml version="1.0" encoding="UTF-8"?>
<!-- Generated by org.testng.reporters.JUnitReportReporter -->
<testsuite hostname="DESKTOP-UEV2Q3L" failures="0" tests="2" name="tests.ChangeCurrencyTest" time="3.686" errors="0" timestamp="2023-09-07T13:27:33 EET" skipped="0">
  <testcase classname="tests.ChangeCurrencyTest" name="userCanChangeCurrency" time="1.812"/>
  <system-out/>
  <testcase classname="tests.ChangeCurrencyTest" name="dedectChangeCurrency" time="1.874"/>
  <system-out/>
</testsuite> <!-- tests.ChangeCurrencyTest -->
