<?xml version="1.0" encoding="UTF-8"?>
<!-- Generated by org.testng.reporters.JUnitReportReporter -->
<testsuite hostname="DESKTOP-UEV2Q3L" failures="0" tests="1" name="tests.SearchTest" time="4.468" errors="0" timestamp="2023-08-27T23:16:27 EET" skipped="0">
  <testcase classname="tests.SearchTest" name="usercansearch" time="4.468"/>
  <system-out/>
</testsuite> <!-- tests.SearchTest -->
