<?xml version="1.0" encoding="UTF-8"?>
<!-- Generated by org.testng.reporters.JUnitReportReporter -->
<testsuite hostname="DESKTOP-UEV2Q3L" failures="0" tests="5" name="tests.Usercheckoutproducttest" time="20.170" errors="0" timestamp="2023-09-13T15:12:36 EET" skipped="0">
  <testcase classname="tests.Usercheckoutproducttest" name="usercanregister" time="3.601"/>
  <system-out/>
  <testcase classname="tests.Usercheckoutproducttest" name="usercanlogin" time="1.357"/>
  <system-out/>
  <testcase classname="tests.Usercheckoutproducttest" name="usercansearch" time="2.180"/>
  <system-out/>
  <testcase classname="tests.Usercheckoutproducttest" name="usercancheckoutforproduct" time="10.000"/>
  <system-out/>
  <testcase classname="tests.Usercheckoutproducttest" name="userCanopenORDERPDFANDdownloadOrder" time="3.032"/>
  <system-out/>
</testsuite> <!-- tests.Usercheckoutproducttest -->
