<?xml version="1.0" encoding="UTF-8"?>
<!-- Generated by org.testng.reporters.JUnitReportReporter -->
<testsuite hostname="DESKTOP-UEV2Q3L" failures="0" tests="2" name="tests.AddToCartTest" time="8.880" errors="0" timestamp="2023-09-12T18:31:16 EET" skipped="0">
  <testcase classname="tests.AddToCartTest" name="usersearch" time="6.515"/>
  <system-out/>
  <testcase classname="tests.AddToCartTest" name="usercanupdateCart" time="2.365"/>
  <system-out/>
</testsuite> <!-- tests.AddToCartTest -->
